<?xml version="1.0" encoding="utf-8"?><testsuites name="pytest tests"><testsuite name="pytest" errors="0" failures="0" skipped="0" tests="7" time="0.786" timestamp="2026-09-20T14:29:04.092621-07:00" hostname="USMH7FCF6T6CM"><testcase classname="tests.test_extractor" name="test_version_semver_shape" time="0.000" /><testcase classname="tests.test_extractor" name="test_extract_keeps_main_content_drops_nav" time="0.227" /><testcase classname="tests.test_extractor" name="test_schema_front_matter_before_script_strip" time="0.068" /><testcase classname="tests.test_extractor" name="test_table_linearization" time="0.070" /><testcase classname="tests.test_extractor" name="test_precision_vs_coverage_keeps_core_content" time="0.246" /><testcase classname="tests.test_extractor" name="test_fuse_front_matter_reads_json_ld" time="0.001" /><testcase classname="tests.test_extractor" name="test_empty_html_does_not_crash" time="0.067" /></testsuite></testsuites>